{
  "name": "sumnums",
  "version": "0.0.1",
  "description": "Sum numbers together",
  "main": "index.js",
  "scripts": {
    "test": "SET DEBUG=sumnums:* && node index-bills-avg",
    "test4": "SET DEBUG=sumnums:* && node index 1,2,3",
    "test3": "SET DEBUG=sumnums:* && node index 1 2 4 8",
    "test2": "SET DEBUG=sumnums:* && node index 1 2, -3.1",
    "test1": "SET DEBUG=sumnums:* && node index 1 0.21",
    "bills": "npm run bill:month",
    "bill:year": "node index-bills-avg",
    "bill:month": "node index-bills",
    "start": "npm run bill:month"
  },
  "author": "",
  "license": "ISC",
  "dependencies": {
    "debug": "^2.6.1"
  }
}
//jshint node:true
//jshint esnext:true
const debug = require('debug')('sumnums:parseArgv');
const util = require('util');

const parseArgv1 = function(argv){
  let combined = argv.reduce((c,n) => {
    return `${c} ${n}`;
  });
  debug('combined===%s', combined);
  let rx = /[,\s]+/g;
  let split = combined.split(rx);
  debug('split==%j', split);
  return split;
};

const parseArgv = function(argv){
  let stringified = JSON.stringify(argv);
  debug('stringified===%s', stringified);
  let rx = /[-+]?\d+\.?\d*/g;
  let matches = stringified.match(rx);
  debug('matches==%j', matches);
  return matches;
};

module.exports = parseArgv;