
> sumnums@0.0.1 test F:\$$__mystuff\node-prototypes\sumnums
> SET DEBUG=sumnums:* && node index-bills-avg

Show averages report: [
 {
  "yyyy-mm": "2017-10",
  "amounts": "[54,57.14,97.44,1039.42,0]",
  "total": 1248,
  "average": 249.6
 },
 {
  "yyyy-mm": "2017-09",
  "amounts": "[54,85.01,567,1712.87,0]",
  "total": 2418.88,
  "average": 483.776
 },
 {
  "yyyy-mm": "2017-08",
  "amounts": "[54,69.63,14.98,312.77,1981.52]",
  "total": 2432.9,
  "average": 486.58000000000004
 },
 {
  "yyyy-mm": "2017-07",
  "amounts": "[54,71.39,24.99,360,1155]",
  "total": 1665.38,
  "average": 333.076
 },
 {
  "yyyy-mm": "2017-06",
  "amounts": "[54,197.27,75.95,436.07,1348.29]",
  "total": 2111.58,
  "average": 422.316
 },
 {
  "yyyy-mm": "2017-05",
  "amounts": "[54,50.84,1183,159.64,519.51]",
  "total": 1966.99,
  "average": 393.398
 },
 {
  "yyyy-mm": "2017-04",
  "amounts": "[54,950,111,49,649]",
  "total": 1813,
  "average": 362.6
 }
]
