
> sumnums@0.0.1 bill:year f:\$$__mystuff\node-prototypes\sumnums
> node index-bills-avg

Show averages monthlyreport: [
 {
  "yyyy-mm": "2019-01",
  "amounts": "[39,75,1633]",
  "total": 1747
 },
 {
  "yyyy-mm": "2018-12",
  "amounts": "[54,93,2177]",
  "total": 2324
 },
 {
  "yyyy-mm": "2018-11",
  "amounts": "[61,87,1234]",
  "total": 1382
 },
 {
  "yyyy-mm": "2018-10",
  "amounts": "[56,188,2177]",
  "total": 2421
 },
 {
  "yyyy-mm": "2018-09",
  "amounts": "[75,125,1207]",
  "total": 1407
 },
 {
  "yyyy-mm": "2018-08",
  "amounts": "[76,120,1927,46]",
  "total": 2169
 },
 {
  "yyyy-mm": "2018-07",
  "amounts": "[72,1323,128,1115]",
  "total": 2638
 },
 {
  "yyyy-mm": "2018-06",
  "amounts": "[51,349,2700]",
  "total": 3100
 },
 {
  "yyyy-mm": "2018-05",
  "amounts": "[45.96,42,56,1281]",
  "total": 1424.96
 },
 {
  "yyyy-mm": "2018-04",
  "amounts": "[47.38,41,142,2200]",
  "total": 2430.38
 },
 {
  "yyyy-mm": "2018-03",
  "amounts": "[49.76,42.18,254,1151]",
  "total": 1496.94
 },
 {
  "yyyy-mm": "2018-02",
  "amounts": "[69,353,43,269,1938]",
  "total": 2672
 },
 {
  "yyyy-mm": "2018-01",
  "amounts": "[33.5,1976,134]",
  "total": 2143.5
 },
 {
  "yyyy-mm": "2017-12",
  "amounts": "[42.17,336.17,2450,0]",
  "total": 2828.34
 },
 {
  "yyyy-mm": "2017-11",
  "amounts": "[54.12,203.79,1512,0]",
  "total": 1769.9099999999999
 },
 {
  "yyyy-mm": "2017-10",
  "amounts": "[57.14,97.44,1039.42,0]",
  "total": 1194
 },
 {
  "yyyy-mm": "2017-09",
  "amounts": "[85.01,567,1712.87,0]",
  "total": 2364.88
 },
 {
  "yyyy-mm": "2017-08",
  "amounts": "[69.63,14.98,312.77,1981.52]",
  "total": 2378.9
 },
 {
  "yyyy-mm": "2017-07",
  "amounts": "[71.39,24.99,360,1155]",
  "total": 1611.38
 },
 {
  "yyyy-mm": "2017-06",
  "amounts": "[197.27,75.95,436.07,1348.29]",
  "total": 2057.58
 },
 {
  "yyyy-mm": "2017-05",
  "amounts": "[50.84,1183,159.64,519.51]",
  "total": 1912.99
 },
 {
  "yyyy-mm": "2017-04",
  "amounts": "[950,111,49,649]",
  "total": 1759
 },
 {
  "yyyy-mm": "2017-02",
  "amounts": "[73,1144,715]",
  "total": 1932
 }
]
yearReport==={
 "amounts": [
  1747,
  2324,
  1382,
  2421,
  1407,
  2169,
  2638,
  3100,
  1424.96,
  2430.38,
  1496.94,
  2672,
  2143.5,
  2828.34,
  1769.9099999999999,
  1194,
  2364.88,
  2378.9,
  1611.38,
  2057.58,
  1912.99,
  1759,
  1932
 ],
 "months": 23,
 "total": 47164.759999999995,
 "average": 2050.6417391304344,
 "median": [
  2057.58
 ]
}
====================================
  Summary: Year-to-date,
  over 23 months
  you spent $47164.759999999995
  averaging $2050.6417391304344 per month
  Note the median over all months: [2057.58]

